#separator \x09
#set_separator	,
#empty_field	(empty)
#unset_field	-
#path	quic
#open	2025-06-18-02-41-55
#fields	ts	uid	id.orig_h	id.orig_p	id.resp_h	id.resp_p	version	client_initial_dcid	client_scid	server_scid	server_name	client_protocol	history
#types	time	string	addr	port	addr	port	string	string	string	string	string	string	string
1750193746.166149	CkfxA94rlYuWOBM187	2401:4900:232e:a67f:e82d:58b1:ea2c:c209	49819	2404:6800:4007:831::200e	443	1	8d4f312cbdb7f6492e594a3a503ea2	c4315f	ed4f312cbdb7f649	apis.google.com	h3	IISiiiisHhHhHhhhHHH
1750193745.820623	Cae6Ae3pJzitmyOWsj	2401:4900:232e:a67f:e82d:58b1:ea2c:c209	58625	2404:6800:4007:831::200e	443	1	4df619f6ffb8ba6a	1d2d3a	edf619f6ffb8ba6a	apis.google.com	h3	IISiiiisHhhhHhhHHHHHH
1750193744.263142	CLwiqT16N1obzvf1ui	2401:4900:232e:a67f:e82d:58b1:ea2c:c209	64263	2404:6800:4007:831::200e	443	1	de1c88e59f985041	909e23	fe1c88e59f985041	contacts.google.com	h3	IISiiiisHhhhHhHhHH
1750193743.302199	CNXxCq4HLsJFffBf47	2401:4900:232e:a67f:e82d:58b1:ea2c:c209	63787	2404:6800:4007:834::2001	443	1	339ce9c8f6268680	(empty)	f39ce9c8f6268680	yt3.ggpht.com	h3	IIISZZiiiiisIhhHhHH
1750193741.846640	Cw8AefKZqoyCokshh	2401:4900:232e:a67f:e82d:58b1:ea2c:c209	60142	2606:4700:3034::ac43:9263	443	1	59b749d000162fcd	(empty)	0152bea3d1bd3fb2b95325a250bd04dfbc4fbbca	returnyoutubedislikeapi.com	h3	IISisIhhhHHH
1750193738.916618	CPKWn01c5WLEqVVUA	2401:4900:232e:a67f:e82d:58b1:ea2c:c209	51473	2404:6800:4007:832::200e	443	1	0ccdc632d2ec69e3	(empty)	eccdc632d2ec69e3	www.youtube.com	h3	IISZZZiiisIhH
1750193697.772582	Cn6bfQ3mMIdMb3mmJe	2401:4900:232e:a67f:e82d:58b1:ea2c:c209	58283	2606:4700:83bb:44a8:d3fd:797:652f:76d6	443	1	7bd22cce652487f2	(empty)	01adcc86776df91a31af3286f76dc6efb06a6d9e	api.freecodecamp.org	h3	IISZZiiiishIH
1750193728.398450	C53EOr1iuWDUNE5dP9	2401:4900:232e:a67f:e82d:58b1:ea2c:c209	57656	2404:6800:4007:80e::200a	443	1	3e7510c6ec5b88cb8320f2f4	2dcb07	fe7510c6ec5b88cb	ogads-pa.clients6.google.com	h3	IISiiiisHhhHhHhhHhhhHH
1750193738.306614	C0YhHJ3raIqpcd9kI7	2401:4900:232e:a67f:e82d:58b1:ea2c:c209	49434	2600:140f:3::b833:c3b8	443	1	ad3691d2d3649de4	(empty)	037a0f39b380c427	static.toiimg.com	h3	IISiishIHH
1750193738.317288	CEC1Ih4IJ6D8X17IDk	2401:4900:232e:a67f:e82d:58b1:ea2c:c209	61049	2404:6800:4007:834::200e	443	1	9263e56544ba56bebfb9e11f85b874cba2	a8cc24	f263e56544ba56be	accounts.youtube.com	h3	IIISZiiiiishH
1750193737.418991	CWIeIj1F3SRs5HupC2	2401:4900:232e:a67f:e82d:58b1:ea2c:c209	51317	2600:9000:2579:f000:5:a6ac:6100:93a1	443	1	e8f824518ca1afa0	(empty)	23120501db713d4ae8a19ad072506cf101de0d90	search.brave.com	h3	IISishhhhIHHHhH
1750193695.637222	CDB9XNeDSjhnuFdSk	2401:4900:232e:a67f:e82d:58b1:ea2c:c209	61833	2606:4700:83bb:44a8:d3fd:797:652f:76d6	443	1	7eb94f0972288772	(empty)	01fca39ad922e1c1cbfc989aaa22d8915df06478	www.freecodecamp.org	h3	IISiiiishhIIHHHh
1750193742.496592	CM3Lmb1kilc32MfZs9	2401:4900:232e:a67f:e82d:58b1:ea2c:c209	63121	2404:6800:4007:831::200e	443	1	e281ea8b5d35baf6	cfbd80	e281ea8b5d35baf6	contacts.google.com	h3	IISiiiishhhHhHhHHhH
1750193733.218400	CiHCSA3jvSWUFzG3a7	192.168.1.101	60109	34.110.138.217	443	1	6b99270678e4ec1c	ea9a7b	eb99270678e4ec1c	merino.services.mozilla.com	h3	IIISiiiiishH
1750193729.721951	C0rztA4gv5i0i5KCAi	2401:4900:232e:a67f:e82d:58b1:ea2c:c209	52156	2404:6800:4007:818::2003	443	1	2ea11bcb214f16a8	7ef883	eea11bcb214f16a8	www.gstatic.com	h3	IISiiiishHhhHH
1750193729.039481	CNWHUJ19k1h43ogaqd	2401:4900:232e:a67f:e82d:58b1:ea2c:c209	60476	2404:6800:4007:836::200a	443	1	9834a6d5fc3ac437	4b11d6	f834a6d5fc3ac437	appsgrowthpromo-pa.clients6.google.com	h3	IISiiiIisHhhhHhhHhhHH
1750193731.144272	CgJIID3ViKwpT4G7yl	2401:4900:232e:a67f:e82d:58b1:ea2c:c209	50466	2404:6800:4003:c1a::54	443	1	fbd4b5e4d18a8ef5	1084fa	fbd4b5e4d18a8ef5	accounts.google.com	h3	IIISZZZZiiiiishH
1750193744.136983	CGMMI32tDYhG1eLQxi	2401:4900:232e:a67f:e82d:58b1:ea2c:c209	63236	2404:6800:4007:834::200e	443	1	6ed30e1849265e07	(empty)	eed30e1849265e07	accounts.youtube.com	h3	IIISZZZZiiiiisIhHhHhHH
1750193730.604760	CMbVpw4sybf1ooc90d	2401:4900:232e:a67f:e82d:58b1:ea2c:c209	51316	2404:6800:4007:81b::2003	443	1	93691234fd4fb7fc	d40102	f3691234fd4fb7fc	fonts.gstatic.com	h3	IISiiiisHhhHhHHhhH
1750193739.395300	CK9UzQ3DaCQULrwJ7a	2401:4900:232e:a67f:e82d:58b1:ea2c:c209	57533	2404:6800:4007:83b::2016	443	1	4d6e9943a368d587	(empty)	ed6e9943a368d587	i.ytimg.com	h3	IISZZIIIIiiishiHiiihHi
1750193744.147058	C4H09C3ZotTJIWQgAa	2401:4900:232e:a67f:e82d:58b1:ea2c:c209	56854	2404:6800:4007:818::2003	443	1	2807cdc8a7b30fea	(empty)	e807cdc8a7b30fea	www.gstatic.com	h3	IISZZiiisIhhHH
1750193727.545143	C65KWk4BPLkULnYQc9	2401:4900:232e:a67f:e82d:58b1:ea2c:c209	59960	2404:6800:4007:80e::2004	443	1	61f9baed70173b7f	e943d3	e1f9baed70173b7f	www.google.com	h3	IIISZiZZiiiishH
1750193730.377286	CKTfGA11V5qAJwjo39	2401:4900:232e:a67f:e82d:58b1:ea2c:c209	51205	2404:6800:4007:815::200a	443	1	2006ae3e5de9248ffb0407ee6b	f2d47f	e006ae3e5de9248f	addons-pa.clients6.google.com	h3	IIISZiiiiishH
1750193727.416345	CF1NOc2GhdnmyPxPIb	2401:4900:232e:a67f:e82d:58b1:ea2c:c209	57839	2404:6800:4007:802::2001	443	1	379817e3e4cc590199e7d97f	c17a47	-	-	-	II
1750193732.020018	CnoaZo4JAtPSwK7jdf	2401:4900:232e:a67f:e82d:58b1:ea2c:c209	63283	2404:6800:4007:834::200e	443	1	3d8a668f4f3012c59a2d	cf362a	fd8a668f4f3012c5	ogs.google.com	h3	IISiiiisHhhHhHhhHH
1750193725.538555	C0FroYhv0Wnw9ULf6	2401:4900:232e:a67f:e82d:58b1:ea2c:c209	61621	2404:6800:4007:835::200e	443	1	7cfcef621e026f22	7bf832	fcfcef621e026f22	lh3.google.com	h3	IISiiiisHhHhHhHhhHH
1750193741.378498	CUR9KG229h5lGpYsE	2401:4900:232e:a67f:e82d:58b1:ea2c:c209	52245	2404:6800:4007:80e::2004	443	1	6b76f936b426dbac	(empty)	eb76f936b426dbac	www.google.com	h3	IIISZZiiiisIHhhhHHHhH
1750193738.377990	CxImhw3aBAdI0WxF04	2401:4900:232e:a67f:e82d:58b1:ea2c:c209	51129	2600:9000:257a:a800:7:7f8e:6d00:93a1	443	1	4219e46322455d09	(empty)	03271101dc74ac126dadc47549371c6198b5b644	imgs.search.brave.com	h3	IISIiishIHhHhhHHi
1750193699.597487	Cl5XWj1eISsDxtCex3	2401:4900:232e:a67f:e82d:58b1:ea2c:c209	63439	2606:4700:976b:44a8:d3fd:6b3:652f:76d6	443	1	f4571a51198efe9a	(empty)	0173cf3c52654f9dc772b93c26656119f282f301	cdn.freecodecamp.org	h3	IISiiiIishhHH
1750193741.348269	CvdNrz2JtuJIKTYkej	2401:4900:232e:a67f:e82d:58b1:ea2c:c209	54414	2404:6800:4007:81b::200a	443	1	914fbae8d82569ac73d0d5ca5985	2458ad	f14fbae8d82569ac	peoplestackwebexperiments-pa.clients6.google.com	h3	IISiiiisHhhHhHhhHhhHH
1750193706.862826	C0mGX02c51cxSXUmo6	192.168.1.101	53165	34.110.207.168	443	1	f7f3f92a75c3b7e276	02ddd7	f7f3f92a75c3b7e2	profile.accounts.firefox.com	h3	IIiiISiiishH
1750193696.622116	CJIgkf2HUH7QWqlnS4	192.168.1.101	51273	18.161.229.43	443	1	55d6709a7fa41be6	(empty)	23230401dbe87b87e46f103b0c3cf323797fba95	js.stripe.com	h3	IISiishhhhhHHH
1750193698.344548	C9NNix1Sp1w8wk315l	192.168.1.101	63406	18.161.229.43	443	1	d5c6f1e005e824a7	(empty)	23040501dbcad14c53a6e3d07f00ca95e98c659f	js.stripe.com	h3	IISiishhhhhHHH
1750193696.621086	CUFAXv4eTR9IIEHCCd	2401:4900:232e:a67f:e82d:58b1:ea2c:c209	53351	2606:4700:83bb:44a8:d3fd:797:652f:76d6	443	1	9f3e1572ccabf106	(empty)	01a378d79edae1677fa185d7a6daf2c25b91871b	api.freecodecamp.org	h3	IISiiiishhIHH
1750193731.530101	CwZFCi3SQ0mJIg1HB8	2401:4900:232e:a67f:e82d:58b1:ea2c:c209	54330	2404:6800:4007:834::200e	443	1	63840df4548618d6	c130f7	e3840df4548618d6	ogs.google.com	h3	IISiiiisHhhHhHhhHH
#close	2025-06-18-02-41-55
